<?xml version="1.0" encoding="UTF-8"?>
<!-- Generated by org.testng.reporters.JUnitReportReporter -->
<testsuite hostname="DESKTOP-7J7B4TH" failures="0" tests="3" name="scripts.test_webpage" time="101.480" errors="0" timestamp="2023-10-02T15:50:10 IST" skipped="0">
  <testcase classname="scripts.test_webpage" name="mul" time="36.206"/>
  <testcase classname="scripts.test_webpage" name="zo" time="21.302"/>
  <testcase classname="scripts.test_webpage" name="add" time="43.972"/>
</testsuite> <!-- scripts.test_webpage -->
