<?xml version="1.0" encoding="UTF-8"?>
<!-- Generated by org.testng.reporters.JUnitReportReporter -->
<testsuite hostname="DESKTOP-7J7B4TH" failures="0" tests="3" name="scripts.test_demo" time="0.035" errors="0" timestamp="2023-10-02T15:12:00 IST" skipped="0">
  <testcase classname="scripts.test_demo" name="zo" time="0.002">
    <system-out>
      <![CDATA[tc3 pass]]>
    </system-out>
  </testcase> <!-- zo -->
  <testcase classname="scripts.test_demo" name="add" time="0.030">
    <system-out>
      <![CDATA[tc1 pass]]>
    </system-out>
  </testcase> <!-- add -->
  <testcase classname="scripts.test_demo" name="mul" time="0.003">
    <system-out>
      <![CDATA[tc2 pass]]>
    </system-out>
  </testcase> <!-- mul -->
  <system-out>
    <![CDATA[tc1 pass
tc2 pass
tc3 pass]]>
  </system-out>
</testsuite> <!-- scripts.test_demo -->
