<?xml version="1.0" encoding="UTF-8"?>
<!-- Generated by org.testng.reporters.JUnitReportReporter -->
<testsuite hostname="DESKTOP-7J7B4TH" failures="0" tests="1" name="Sample.jiosavan" time="22.760" errors="0" timestamp="2023-10-03T14:49:03 IST" skipped="0">
  <testcase classname="Sample.jiosavan" name="add" time="22.760"/>
</testsuite> <!-- Sample.jiosavan -->
