<?xml version="1.0" encoding="UTF-8"?>
<!-- Generated by org.testng.reporters.JUnitReportReporter -->
<testsuite hostname="DESKTOP-7J7B4TH" failures="0" tests="1" name="Sample.Flipkart" time="74.674" errors="0" timestamp="2023-10-03T14:49:03 IST" skipped="0">
  <testcase classname="Sample.Flipkart" name="add" time="74.674"/>
</testsuite> <!-- Sample.Flipkart -->
