<?xml version="1.0" encoding="UTF-8"?>
<!-- Generated by org.testng.reporters.JUnitReportReporter -->
<testsuite hostname="DESKTOP-7J7B4TH" failures="0" tests="1" name="Sample.myntra" time="37.449" errors="0" timestamp="2023-10-03T14:49:03 IST" skipped="0">
  <testcase classname="Sample.myntra" name="add" time="37.449"/>
</testsuite> <!-- Sample.myntra -->
