<?xml version="1.0" encoding="UTF-8"?>
<!-- Generated by org.testng.reporters.JUnitReportReporter -->
<testsuite hostname="DESKTOP-7J7B4TH" failures="0" tests="3" name="Sample.Demo" time="170.171" errors="0" timestamp="2023-10-03T10:06:04 IST" skipped="0">
  <testcase classname="Sample.Demo" name="mul" time="44.447"/>
  <testcase classname="Sample.Demo" name="zo" time="35.553"/>
  <testcase classname="Sample.Demo" name="add" time="90.171"/>
</testsuite> <!-- Sample.Demo -->
